<?xml version="1.0" encoding="UTF-8"?>
<!-- Generated by org.testng.reporters.JUnitReportReporter -->
<testsuite hostname="LAPTOP-RBIMGVPE" failures="0" tests="1" name="tests.register_Test" time="3.307" errors="0" timestamp="2023-10-06T22:16:35 EEST" skipped="0">
  <testcase classname="tests.register_Test" name="SignupToSystem" time="3.307"/>
  <system-out/>
</testsuite> <!-- tests.register_Test -->
