<?xml version="1.0" encoding="UTF-8"?>
<!-- Generated by org.testng.reporters.JUnitReportReporter -->
<testsuite hostname="LAPTOP-RBIMGVPE" failures="0" tests="1" name="tests.addToCart_Test" time="5.590" errors="0" timestamp="2023-10-06T22:23:53 EEST" skipped="0">
  <testcase classname="tests.addToCart_Test" name="checkItemCheckout" time="5.590"/>
  <system-out/>
</testsuite> <!-- tests.addToCart_Test -->
