<?xml version="1.0" encoding="UTF-8"?>
<!-- Generated by org.testng.reporters.JUnitReportReporter -->
<testsuite hostname="LAPTOP-RBIMGVPE" failures="0" tests="1" name="tests.login_Test" time="2.001" errors="0" timestamp="2023-10-06T00:12:31 EEST" skipped="0">
  <testcase classname="tests.login_Test" name="loginSuccesfullytoSystem" time="2.001"/>
  <system-out/>
</testsuite> <!-- tests.login_Test -->
