<?xml version="1.0" encoding="UTF-8"?>
<!-- Generated by org.testng.reporters.JUnitReportReporter -->
<testsuite hostname="LAPTOP-RBIMGVPE" failures="0" tests="1" name="tests.categories_Test" time="1.290" errors="0" timestamp="2023-10-06T22:18:50 EEST" skipped="0">
  <testcase classname="tests.categories_Test" name="checkItemsDisplayeInCategories" time="1.290"/>
  <system-out/>
</testsuite> <!-- tests.categories_Test -->
